<?xml version="1.0" encoding="UTF-8"?>
<!-- Generated by org.testng.reporters.JUnitReportReporter -->
<testsuite hostname="HP-LAP" failures="0" tests="5" name="Testng.dependicies" time="0.009" errors="0" timestamp="2024-03-21T21:25:59 IST" skipped="0">
  <testcase classname="Testng.dependicies" name="bothmarriage" time="0.001"/>
  <testcase classname="Testng.dependicies" name="daughter" time="0.002"/>
  <testcase classname="Testng.dependicies" name="father" time="0.002"/>
  <testcase classname="Testng.dependicies" name="mother" time="0.002"/>
  <testcase classname="Testng.dependicies" name="son" time="0.002"/>
</testsuite> <!-- Testng.dependicies -->
