<?xml version="1.0" encoding="UTF-8"?>
<!-- Generated by org.testng.reporters.JUnitReportReporter -->
<testsuite hostname="HP-LAP" failures="0" tests="4" name="dataprovider.exampledataprovider" time="2.683" errors="0" timestamp="2024-04-02T11:05:29 IST" skipped="0">
  <testcase classname="dataprovider.exampledataprovider" name="login" time="0.668"/>
  <testcase classname="dataprovider.exampledataprovider" name="login" time="0.596"/>
  <testcase classname="dataprovider.exampledataprovider" name="login" time="0.704"/>
  <testcase classname="dataprovider.exampledataprovider" name="login" time="0.715"/>
</testsuite> <!-- dataprovider.exampledataprovider -->
