<?xml version="1.0" encoding="UTF-8"?>
<!-- Generated by org.testng.reporters.JUnitReportReporter -->
<testsuite hostname="HP-LAP" failures="0" tests="1" name="practicecommerce.Login" time="0.300" errors="0" timestamp="2024-04-04T19:22:22 IST" skipped="0">
  <testcase classname="practicecommerce.Login" name="validlogin" time="0.300"/>
</testsuite> <!-- practicecommerce.Login -->
