<?xml version="1.0" encoding="UTF-8"?>
<!-- Generated by org.testng.reporters.JUnitReportReporter -->
<testsuite hostname="HP-LAP" failures="0" tests="2" name="Testng.grouping" time="0.012" errors="0" timestamp="2024-03-21T21:39:59 IST" skipped="0">
  <testcase classname="Testng.grouping" name="login" time="0.011"/>
  <testcase classname="Testng.grouping" name="logout" time="0.001"/>
</testsuite> <!-- Testng.grouping -->
