<?xml version="1.0" encoding="UTF-8"?>
<!-- Generated by org.testng.reporters.JUnitReportReporter -->
<testsuite hostname="HP-LAP" failures="0" tests="3" name="Testng.example" time="3.537" errors="0" timestamp="2024-03-21T19:36:03 IST" skipped="1">
  <testcase classname="Testng.example" name="race" time="1.926"/>
  <testcase classname="Testng.example" name="gear" time="1.611"/>
  <testcase classname="Testng.example" name="bus">
    <skipped/>
  </testcase> <!-- bus -->
</testsuite> <!-- Testng.example -->
