<?xml version="1.0" encoding="UTF-8"?>
<!-- Generated by org.testng.reporters.JUnitReportReporter -->
<testsuite hostname="HP-LAP" failures="0" tests="4" name="Testng.dependcies" time="0.016" errors="0" timestamp="2024-03-21T19:59:50 IST" skipped="0">
  <testcase classname="Testng.dependcies" name="studenteducation" time="0.009"/>
  <testcase classname="Testng.dependcies" name="studentschool" time="0.003"/>
  <testcase classname="Testng.dependcies" name="studentname" time="0.001"/>
  <testcase classname="Testng.dependcies" name="studentjob" time="0.003"/>
</testsuite> <!-- Testng.dependcies -->
