<?xml version="1.0" encoding="UTF-8"?>
<!-- Generated by org.testng.reporters.JUnitReportReporter -->
<testsuite hostname="HP-LAP" failures="0" tests="1" name="Testng.NewTest" time="0.005" errors="0" timestamp="2024-03-20T18:08:49 IST" skipped="0">
  <testcase classname="Testng.NewTest" name="rr" time="0.005"/>
</testsuite> <!-- Testng.NewTest -->
