<?xml version="1.0" encoding="UTF-8"?>
<!-- Generated by org.testng.reporters.JUnitReportReporter -->
<testsuite hostname="HP-LAP" failures="0" tests="2" name="Testng.paralleltest" time="15.670" errors="0" timestamp="2024-04-04T19:30:05 IST" skipped="0">
  <testcase classname="Testng.paralleltest" name="brows" time="12.065"/>
  <testcase classname="Testng.paralleltest" name="open" time="3.605"/>
</testsuite> <!-- Testng.paralleltest -->
