<?xml version="1.0" encoding="UTF-8"?>
<!-- Generated by org.testng.reporters.JUnitReportReporter -->
<testsuite hostname="HP-LAP" failures="0" tests="5" name="Testng.prpractice" time="0.017" errors="0" timestamp="2024-03-28T12:23:25 IST" skipped="0">
  <testcase classname="Testng.prpractice" name="name" time="0.010"/>
  <testcase classname="Testng.prpractice" name="education" time="0.003"/>
  <testcase classname="Testng.prpractice" name="school" time="0.001"/>
  <testcase classname="Testng.prpractice" name="college" time="0.001"/>
  <testcase classname="Testng.prpractice" name="job" time="0.002"/>
</testsuite> <!-- Testng.prpractice -->
