<?xml version="1.0" encoding="UTF-8"?>
<!-- Generated by org.testng.reporters.JUnitReportReporter -->
<testsuite hostname="HP-LAP" failures="0" tests="3" name="Testng.practice" time="24.616" errors="0" timestamp="2024-03-28T19:16:53 IST" skipped="0">
  <testcase classname="Testng.practice" name="firstcase" time="1.810"/>
  <testcase classname="Testng.practice" name="secondcase" time="1.725"/>
  <testcase classname="Testng.practice" name="thirdcase" time="21.081"/>
</testsuite> <!-- Testng.practice -->
